(0000) 3000  0011000000000000 (  11)                 .ORIG x3000
(3000) 200E  0010000000001110 (  13)                 LD    R0 disLoc
(3001) 220E  0010001000001110 (  14)                 LD    R1 picAdr
(3002) 280F  0010100000001111 (  15)                 LD    R4 hei
(3003) 240D  0010010000001101 (  18) Loop1           LD    R2 wid
(3004) 6640  0110011001000000 (  20) Loop2           LDR   R3 R1 #0
(3005) 7600  0111011000000000 (  21)                 STR   R3 R0 #0
(3006) 1261  0001001001100001 (  22)                 ADD   R1 R1 #1
(3007) 1021  0001000000100001 (  23)                 ADD   R0 R0 #1
(3008) 14BF  0001010010111111 (  24)                 ADD   R2 R2 #-1
(3009) 03FA  0000001111111010 (  25)                 BRP   Loop2
(300A) 2408  0010010000001000 (  26)                 LD    R2 nxtLine
(300B) 1002  0001000000000010 (  27)                 ADD   R0 R0 R2
(300C) 193F  0001100100111111 (  28)                 ADD   R4 R4 #-1
(300D) 03F5  0000001111110101 (  29)                 BRP   Loop1
(300E) F025  1111000000100101 (  31)                 TRAP  x25
(300F) C555  1100010101010101 (  33) disLoc          .FILL xC555
(3010) 5000  0101000000000000 (  34) picAdr          .FILL x5000
(3011) 000E  0000000000001110 (  35) wid             .FILL x000E
(3012) 000E  0000000000001110 (  36) hei             .FILL x000E
(3013) 0072  0000000001110010 (  37) nxtLine         .FILL x0072
